[0m23:18:14.732606 [debug] [MainThread]: Sending event: {'category': 'dbt', 'action': 'invocation', 'label': 'start', 'context': [<snowplow_tracker.self_describing_json.SelfDescribingJson object at 0x000001E4E77AB1A0>, <snowplow_tracker.self_describing_json.SelfDescribingJson object at 0x000001E4E77A8DD0>, <snowplow_tracker.self_describing_json.SelfDescribingJson object at 0x000001E4E77AB290>]}


============================== 23:18:14.750598 | 6403b200-36f9-4609-a549-0d129c70752b ==============================
[0m23:18:14.750598 [info ] [MainThread]: Running with dbt=1.8.5
[0m23:18:14.757625 [debug] [MainThread]: running dbt with arguments {'printer_width': '80', 'indirect_selection': 'eager', 'log_cache_events': 'False', 'write_json': 'True', 'partial_parse': 'True', 'cache_selected_only': 'False', 'profiles_dir': 'C:\\Users\\PC\\.dbt', 'version_check': 'True', 'debug': 'False', 'log_path': 'logs', 'fail_fast': 'False', 'warn_error': 'None', 'use_colors': 'True', 'use_experimental_parser': 'False', 'empty': 'None', 'quiet': 'False', 'no_print': 'None', 'warn_error_options': 'WarnErrorOptions(include=[], exclude=[])', 'introspect': 'True', 'log_format': 'default', 'invocation_command': 'dbt init', 'target_path': 'None', 'static_parser': 'True', 'send_anonymous_usage_stats': 'True'}
[0m23:19:13.922201 [debug] [MainThread]: Starter project path: C:\Users\PC\Desktop\ecommerce-data-platform-design\venv\Lib\site-packages\dbt\include\starter_project
[0m23:19:13.979061 [info ] [MainThread]: 
Your new dbt project "ecommerce_dbt" was created!

For more information on how to configure the profiles.yml file,
please consult the dbt documentation here:

  https://docs.getdbt.com/docs/configure-your-profile

One more thing:

Need help? Don't hesitate to reach out to us via GitHub issues or on Slack:

  https://community.getdbt.com/

Happy modeling!

[0m23:19:13.981061 [info ] [MainThread]: Setting up your profile.
[0m23:22:00.281428 [info ] [MainThread]: Profile ecommerce_dbt written to C:\Users\PC\.dbt\profiles.yml using target's profile_template.yml and your supplied values. Run 'dbt debug' to validate the connection.
[0m23:22:00.287430 [debug] [MainThread]: Command `dbt init` succeeded at 23:22:00.286427 after 226.11 seconds
[0m23:22:00.291430 [debug] [MainThread]: Sending event: {'category': 'dbt', 'action': 'invocation', 'label': 'end', 'context': [<snowplow_tracker.self_describing_json.SelfDescribingJson object at 0x000001E4E63458E0>, <snowplow_tracker.self_describing_json.SelfDescribingJson object at 0x000001E4F200FD40>, <snowplow_tracker.self_describing_json.SelfDescribingJson object at 0x000001E4E7843770>]}
[0m23:22:00.293428 [debug] [MainThread]: Flushing usage events
[0m23:22:16.262245 [debug] [MainThread]: Sending event: {'category': 'dbt', 'action': 'invocation', 'label': 'start', 'context': [<snowplow_tracker.self_describing_json.SelfDescribingJson object at 0x000001A9C13576B0>, <snowplow_tracker.self_describing_json.SelfDescribingJson object at 0x000001A9C4FF26C0>, <snowplow_tracker.self_describing_json.SelfDescribingJson object at 0x000001A9C4F8B4A0>]}


============================== 23:22:16.283001 | da46301c-b508-4b7d-bff4-8888b3f5cca8 ==============================
[0m23:22:16.283001 [info ] [MainThread]: Running with dbt=1.8.5
[0m23:22:16.285791 [debug] [MainThread]: running dbt with arguments {'printer_width': '80', 'indirect_selection': 'eager', 'write_json': 'True', 'log_cache_events': 'False', 'partial_parse': 'True', 'cache_selected_only': 'False', 'warn_error': 'None', 'fail_fast': 'False', 'profiles_dir': 'C:\\Users\\PC\\.dbt', 'log_path': 'logs', 'version_check': 'True', 'debug': 'False', 'use_colors': 'True', 'use_experimental_parser': 'False', 'empty': 'None', 'quiet': 'False', 'no_print': 'None', 'log_format': 'default', 'introspect': 'True', 'static_parser': 'True', 'warn_error_options': 'WarnErrorOptions(include=[], exclude=[])', 'target_path': 'None', 'invocation_command': 'dbt debug', 'send_anonymous_usage_stats': 'True'}
[0m23:22:16.376831 [info ] [MainThread]: dbt version: 1.8.5
[0m23:22:16.377829 [info ] [MainThread]: python version: 3.12.4
[0m23:22:16.382835 [info ] [MainThread]: python path: C:\Users\PC\Desktop\ecommerce-data-platform-design\venv\Scripts\python.exe
[0m23:22:16.385344 [info ] [MainThread]: os info: Windows-10-10.0.19045-SP0
[0m23:22:21.264842 [info ] [MainThread]: Using profiles dir at C:\Users\PC\.dbt
[0m23:22:21.265843 [info ] [MainThread]: Using profiles.yml file at C:\Users\PC\.dbt\profiles.yml
[0m23:22:21.267841 [info ] [MainThread]: Using dbt_project.yml file at C:\Users\PC\Desktop\final-data-platform\dbt_project.yml
[0m23:22:21.268867 [info ] [MainThread]: adapter type: bigquery
[0m23:22:21.269846 [info ] [MainThread]: adapter version: 1.8.2
[0m23:22:21.270844 [info ] [MainThread]: Configuration:
[0m23:22:21.271842 [info ] [MainThread]:   profiles.yml file [[32mOK found and valid[0m]
[0m23:22:21.274844 [info ] [MainThread]:   dbt_project.yml file [[31mERROR not found[0m]
[0m23:22:21.275854 [info ] [MainThread]: Required dependencies:
[0m23:22:21.277844 [debug] [MainThread]: Executing "git --help"
[0m23:22:21.467429 [debug] [MainThread]: STDOUT: "b"usage: git [-v | --version] [-h | --help] [-C <path>] [-c <name>=<value>]\n           [--exec-path[=<path>]] [--html-path] [--man-path] [--info-path]\n           [-p | --paginate | -P | --no-pager] [--no-replace-objects] [--bare]\n           [--git-dir=<path>] [--work-tree=<path>] [--namespace=<name>]\n           [--config-env=<name>=<envvar>] <command> [<args>]\n\nThese are common Git commands used in various situations:\n\nstart a working area (see also: git help tutorial)\n   clone     Clone a repository into a new directory\n   init      Create an empty Git repository or reinitialize an existing one\n\nwork on the current change (see also: git help everyday)\n   add       Add file contents to the index\n   mv        Move or rename a file, a directory, or a symlink\n   restore   Restore working tree files\n   rm        Remove files from the working tree and from the index\n\nexamine the history and state (see also: git help revisions)\n   bisect    Use binary search to find the commit that introduced a bug\n   diff      Show changes between commits, commit and working tree, etc\n   grep      Print lines matching a pattern\n   log       Show commit logs\n   show      Show various types of objects\n   status    Show the working tree status\n\ngrow, mark and tweak your common history\n   branch    List, create, or delete branches\n   commit    Record changes to the repository\n   merge     Join two or more development histories together\n   rebase    Reapply commits on top of another base tip\n   reset     Reset current HEAD to the specified state\n   switch    Switch branches\n   tag       Create, list, delete or verify a tag object signed with GPG\n\ncollaborate (see also: git help workflows)\n   fetch     Download objects and refs from another repository\n   pull      Fetch from and integrate with another repository or a local branch\n   push      Update remote refs along with associated objects\n\n'git help -a' and 'git help -g' list available subcommands and some\nconcept guides. See 'git help <command>' or 'git help <concept>'\nto read about a specific subcommand or concept.\nSee 'git help git' for an overview of the system.\n""
[0m23:22:21.468450 [debug] [MainThread]: STDERR: "b''"
[0m23:22:21.469449 [info ] [MainThread]:  - git [[32mOK found[0m]

[0m23:22:21.470433 [info ] [MainThread]: Connection:
[0m23:22:21.472429 [info ] [MainThread]:   method: service-account
[0m23:22:21.473430 [info ] [MainThread]:   database: ecommerce-data-project-432606
[0m23:22:21.474451 [info ] [MainThread]:   execution_project: ecommerce-data-project-432606
[0m23:22:21.476431 [info ] [MainThread]:   schema: ecommerce
[0m23:22:21.478436 [info ] [MainThread]:   location: US
[0m23:22:21.480436 [info ] [MainThread]:   priority: interactive
[0m23:22:21.482433 [info ] [MainThread]:   maximum_bytes_billed: None
[0m23:22:21.483433 [info ] [MainThread]:   impersonate_service_account: None
[0m23:22:21.485431 [info ] [MainThread]:   job_retry_deadline_seconds: None
[0m23:22:21.486430 [info ] [MainThread]:   job_retries: 1
[0m23:22:21.488430 [info ] [MainThread]:   job_creation_timeout_seconds: None
[0m23:22:21.491687 [info ] [MainThread]:   job_execution_timeout_seconds: 300
[0m23:22:21.493701 [info ] [MainThread]:   timeout_seconds: 300
[0m23:22:21.496687 [info ] [MainThread]:   client_id: None
[0m23:22:21.498686 [info ] [MainThread]:   token_uri: None
[0m23:22:21.499696 [info ] [MainThread]:   dataproc_region: None
[0m23:22:21.501685 [info ] [MainThread]:   dataproc_cluster_name: None
[0m23:22:21.505684 [info ] [MainThread]:   gcs_bucket: None
[0m23:22:21.507687 [info ] [MainThread]:   dataproc_batch: None
[0m23:22:21.509876 [info ] [MainThread]: Registered adapter: bigquery=1.8.2
[0m23:22:21.512871 [debug] [MainThread]: Acquiring new bigquery connection 'debug'
[0m23:22:21.514876 [debug] [MainThread]: Opening a new connection, currently in state init
[0m23:22:21.694370 [debug] [MainThread]: On debug: select 1 as id
[0m23:22:23.868453 [debug] [MainThread]: BigQuery adapter: https://console.cloud.google.com/bigquery?project=ecommerce-data-project-432606&j=bq:US:b7c42cc1-d968-4331-8dfe-049a8abe03c1&page=queryresults
[0m23:22:24.826195 [info ] [MainThread]:   Connection test: [[32mOK connection ok[0m]

[0m23:22:24.828188 [info ] [MainThread]: [31m1 check failed:[0m
[0m23:22:24.830189 [info ] [MainThread]: Project loading failed for the following reason:
 project path <C:\Users\PC\Desktop\final-data-platform\dbt_project.yml> not found

[0m23:22:24.835196 [debug] [MainThread]: Command `dbt debug` failed at 23:22:24.834189 after 8.93 seconds
[0m23:22:24.836197 [debug] [MainThread]: Connection 'debug' was properly closed.
[0m23:22:24.837187 [debug] [MainThread]: Sending event: {'category': 'dbt', 'action': 'invocation', 'label': 'end', 'context': [<snowplow_tracker.self_describing_json.SelfDescribingJson object at 0x000001A9C4FADD90>, <snowplow_tracker.self_describing_json.SelfDescribingJson object at 0x000001A9CDC0E0C0>, <snowplow_tracker.self_describing_json.SelfDescribingJson object at 0x000001A9BEAE8050>]}
[0m23:22:24.839215 [debug] [MainThread]: Flushing usage events
